<?xml version="1.0" encoding="UTF-8"?>
<!-- Generated by org.testng.reporters.JUnitXMLReporter -->
<testsuite hostname="DESKTOP-0ROPM66" ignored="1" name="Default test" tests="1" failures="0" timestamp="19 Sep 2021 07:30:50 GMT" time="36.935" errors="0">
  <testcase name="loginPageLogo" time="0.36" classname="sample.test.LoginTest"/>
  <testcase name="enterLoginCredAndSubmit" time="0.0" classname="sample.test.LoginTest">
    <ignored/>
  </testcase> <!-- enterLoginCredAndSubmit -->
</testsuite> <!-- Default test -->
