<?xml version="1.0" encoding="UTF-8"?>
<testng-results skipped="0" failed="0" ignored="1" total="2" passed="1">
  <reporter-output>
  </reporter-output>
  <suite name="Default suite" duration-ms="36935" started-at="2021-09-19T07:30:13Z" finished-at="2021-09-19T07:30:50Z">
    <groups>
    </groups>
    <test name="Default test" duration-ms="36935" started-at="2021-09-19T07:30:13Z" finished-at="2021-09-19T07:30:50Z">
      <class name="sample.test.LoginTest">
        <test-method status="PASS" signature="openBrowserAndQCURL()[pri:0, instance:sample.test.LoginTest@3ffc5af1]" name="openBrowserAndQCURL" is-config="true" duration-ms="32022" started-at="2021-09-19T07:30:13Z" finished-at="2021-09-19T07:30:45Z">
          <reporter-output>
          </reporter-output>
        </test-method> <!-- openBrowserAndQCURL -->
        <test-method status="PASS" signature="loginPageLogo()[pri:0, instance:sample.test.LoginTest@3ffc5af1]" name="loginPageLogo" duration-ms="360" started-at="2021-09-19T07:30:45Z" finished-at="2021-09-19T07:30:46Z">
          <reporter-output>
          </reporter-output>
        </test-method> <!-- loginPageLogo -->
        <test-method status="PASS" signature="closeBrowser()[pri:0, instance:sample.test.LoginTest@3ffc5af1]" name="closeBrowser" is-config="true" duration-ms="4457" started-at="2021-09-19T07:30:46Z" finished-at="2021-09-19T07:30:50Z">
          <reporter-output>
          </reporter-output>
        </test-method> <!-- closeBrowser -->
      </class> <!-- sample.test.LoginTest -->
    </test> <!-- Default test -->
  </suite> <!-- Default suite -->
</testng-results>
